<?xml version="1.0" encoding="UTF-8"?>
<!-- Generated by org.testng.reporters.JUnitReportReporter -->
<testsuite hostname="HYDHTC562438L" failures="0" tests="6" name="com.flipkart.testCases.PlaceOrder" time="32.863" errors="0" timestamp="2022-07-07T14:53:41 IST" skipped="0">
  <testcase classname="com.flipkart.testCases.PlaceOrder" name="LoginTest" time="7.976"/>
  <system-out/>
  <testcase classname="com.flipkart.testCases.PlaceOrder" name="SearchProductTest" time="3.676"/>
  <system-out/>
  <testcase classname="com.flipkart.testCases.PlaceOrder" name="SelectProductTest" time="2.137"/>
  <system-out/>
  <testcase classname="com.flipkart.testCases.PlaceOrder" name="AddToCartTest" time="1.308"/>
  <system-out/>
  <testcase classname="com.flipkart.testCases.PlaceOrder" name="PlaceOrderTest" time="2.490"/>
  <system-out/>
  <testcase classname="com.flipkart.testCases.PlaceOrder" name="DeliveryAddressTest" time="15.276"/>
  <system-out/>
</testsuite> <!-- com.flipkart.testCases.PlaceOrder -->
